<?xml version="1.0" encoding="UTF-8"?>
<testng-results ignored="0" total="2" passed="2" failed="0" skipped="0">
  <reporter-output>
  </reporter-output>
  <suite started-at="2024-02-08T12:45:11 IST" name="Suite" finished-at="2024-02-08T12:46:32 IST" duration-ms="81376">
    <groups>
    </groups>
    <test started-at="2024-02-08T12:45:11 IST" name="Test" finished-at="2024-02-08T12:46:32 IST" duration-ms="81376">
      <class name="testcases.SubmitOrderTest">
        <test-method is-config="true" signature="launchApplication()[pri:0, instance:testcases.SubmitOrderTest@3023df74]" started-at="2024-02-08T12:45:11 IST" name="launchApplication" finished-at="2024-02-08T12:45:29 IST" duration-ms="17271" status="PASS">
          <reporter-output>
          </reporter-output>
        </test-method> <!-- launchApplication -->
        <test-method signature="submitOrder(java.util.HashMap)[pri:0, instance:testcases.SubmitOrderTest@3023df74]" started-at="2024-02-08T12:45:29 IST" name="submitOrder" data-provider="getData" finished-at="2024-02-08T12:45:53 IST" duration-ms="24800" status="PASS">
          <params>
            <param index="0">
              <value>
                <![CDATA[{password=Admin@123, email=bharatsharma@gmail.com, productName=ZARA COAT 3}]]>
              </value>
            </param>
          </params>
          <reporter-output>
          </reporter-output>
        </test-method> <!-- submitOrder -->
        <test-method is-config="true" signature="tearDown()[pri:0, instance:testcases.SubmitOrderTest@3023df74]" started-at="2024-02-08T12:45:53 IST" name="tearDown" finished-at="2024-02-08T12:45:54 IST" duration-ms="1138" status="PASS">
          <reporter-output>
          </reporter-output>
        </test-method> <!-- tearDown -->
        <test-method is-config="true" signature="launchApplication()[pri:0, instance:testcases.SubmitOrderTest@3023df74]" started-at="2024-02-08T12:45:54 IST" name="launchApplication" finished-at="2024-02-08T12:46:13 IST" duration-ms="18637" status="PASS">
          <reporter-output>
          </reporter-output>
        </test-method> <!-- launchApplication -->
        <test-method signature="submitOrder(java.util.HashMap)[pri:0, instance:testcases.SubmitOrderTest@3023df74]" started-at="2024-02-08T12:46:13 IST" name="submitOrder" data-provider="getData" finished-at="2024-02-08T12:46:32 IST" duration-ms="18906" status="PASS">
          <params>
            <param index="0">
              <value>
                <![CDATA[{password=Iamking@000, email=anshika@gmail.com, productName=ADIDAS ORIGINAL}]]>
              </value>
            </param>
          </params>
          <reporter-output>
          </reporter-output>
        </test-method> <!-- submitOrder -->
        <test-method is-config="true" signature="tearDown()[pri:0, instance:testcases.SubmitOrderTest@3023df74]" started-at="2024-02-08T12:46:32 IST" name="tearDown" finished-at="2024-02-08T12:46:32 IST" duration-ms="452" status="PASS">
          <reporter-output>
          </reporter-output>
        </test-method> <!-- tearDown -->
      </class> <!-- testcases.SubmitOrderTest -->
    </test> <!-- Test -->
  </suite> <!-- Suite -->
</testng-results>
